<?xml version="1.0" encoding="utf-8"?><testsuites name="pytest tests"><testsuite name="pytest" errors="0" failures="4" skipped="0" tests="4" time="105.467" timestamp="2026-06-20T21:06:09.116267+03:00" hostname="Titan"><testcase classname="tests.e2e.test_demo_flows" name="test_explore_poi_detail_opens[chromium]" time="37.880"><failure message="playwright._impl._errors.TimeoutError: Locator.click: Timeout 30000ms exceeded.&#10;Call log:&#10;  - waiting for get_by_role(&quot;button&quot;).first&#10;    - locator resolved to &lt;flt-semantics-placeholder tabindex=&quot;0&quot; role=&quot;button&quot; aria-live=&quot;polite&quot; aria-label=&quot;Enable accessibility&quot;&gt;&lt;/flt-semantics-placeholder&gt;&#10;  - attempting click action&#10;    2 × waiting for element to be visible, enabled and stable&#10;      - element is visible, enabled and stable&#10;      - scrolling into view if needed&#10;      - done scrolling&#10;      - element is outside of the viewport&#10;    - retrying click action&#10;    - waiting 20ms&#10;    2 × waiting for element to be visible, enabled and stable&#10;      - element is visible, enabled and stable&#10;      - scrolling into view if needed&#10;      - done scrolling&#10;      - element is outside of the viewport&#10;    - retrying click action&#10;      - waiting 100ms&#10;    58 × waiting for element to be visible, enabled and stable&#10;       - element is visible, enabled and stable&#10;       - scrolling into view if needed&#10;       - done scrolling&#10;       - element is outside of the viewport&#10;     - retrying click action&#10;       - waiting 500ms">page = &lt;Page url='http://localhost:8099/'&gt;, base_url = 'http://localhost:8099'
shot_dir = WindowsPath('data/evaluation/runs/e2e_screenshots')
response_timeout_ms = 30000

    @pytest.mark.e2e
    def test_explore_poi_detail_opens(page, base_url, shot_dir, response_timeout_ms):
        """EXPLORE: app loads, a POI card renders, tapping it opens the detail
        sheet showing the image carousel + a price row."""
        _wait_app_ready(page, base_url)
        # Wait for at least one POI card to be interactive. Flutter cards expose
        # the POI name as text; pick the first rendered POI name we can find.
        card = page.get_by_role("button").first
        card.wait_for(state="visible", timeout=response_timeout_ms)
&gt;       card.click()

tests\e2e\test_demo_flows.py:51: 
_ _ _ _ _ _ _ _ _ _ _ _ _ _ _ _ _ _ _ _ _ _ _ _ _ _ _ _ _ _ _ _ _ _ _ _ _ _ _ _
venv\lib\site-packages\playwright\sync_api\_generated.py:15631: in click
    self._sync(
venv\lib\site-packages\playwright\_impl\_locator.py:162: in click
    return await self._frame._click(self._selector, strict=True, **params)
venv\lib\site-packages\playwright\_impl\_frame.py:566: in _click
    await self._channel.send("click", self._timeout, locals_to_params(locals()))
venv\lib\site-packages\playwright\_impl\_connection.py:69: in send
    return await self._connection.wrap_api_call(
_ _ _ _ _ _ _ _ _ _ _ _ _ _ _ _ _ _ _ _ _ _ _ _ _ _ _ _ _ _ _ _ _ _ _ _ _ _ _ _

self = &lt;playwright._impl._connection.Connection object at 0x0000018778D1AC50&gt;
cb = &lt;function Channel.send.&lt;locals&gt;.&lt;lambda&gt; at 0x000001877987EC20&gt;
is_internal = False, title = None

    async def wrap_api_call(
        self, cb: Callable[[], Any], is_internal: bool = False, title: str = None
    ) -&gt; Any:
        if self._api_zone.get():
            return await cb()
        task = asyncio.current_task(self._loop)
        st: List[inspect.FrameInfo] = getattr(
            task, "__pw_stack__", None
        ) or inspect.stack(0)
    
        parsed_st = _extract_stack_trace_information_from_stack(st, is_internal, title)
        self._api_zone.set(parsed_st)
        try:
            return await cb()
        except Exception as error:
&gt;           raise rewrite_error(error, f"{parsed_st['apiName']}: {error}") from None
E           playwright._impl._errors.TimeoutError: Locator.click: Timeout 30000ms exceeded.
E           Call log:
E             - waiting for get_by_role("button").first
E               - locator resolved to &lt;flt-semantics-placeholder tabindex="0" role="button" aria-live="polite" aria-label="Enable accessibility"&gt;&lt;/flt-semantics-placeholder&gt;
E             - attempting click action
E               2 × waiting for element to be visible, enabled and stable
E                 - element is visible, enabled and stable
E                 - scrolling into view if needed
E                 - done scrolling
E                 - element is outside of the viewport
E               - retrying click action
E               - waiting 20ms
E               2 × waiting for element to be visible, enabled and stable
E                 - element is visible, enabled and stable
E                 - scrolling into view if needed
E                 - done scrolling
E                 - element is outside of the viewport
E               - retrying click action
E                 - waiting 100ms
E               58 × waiting for element to be visible, enabled and stable
E                  - element is visible, enabled and stable
E                  - scrolling into view if needed
E                  - done scrolling
E                  - element is outside of the viewport
E                - retrying click action
E                  - waiting 500ms

venv\lib\site-packages\playwright\_impl\_connection.py:559: TimeoutError</failure></testcase><testcase classname="tests.e2e.test_demo_flows" name="test_cleo_returns_response[chromium]" time="15.496"><failure message="playwright._impl._errors.TimeoutError: Locator.wait_for: Timeout 10000ms exceeded.&#10;Call log:&#10;  - waiting for get_by_text(&quot;CLEO&quot;).first to be visible">page = &lt;Page url='http://localhost:8099/'&gt;, base_url = 'http://localhost:8099'
shot_dir = WindowsPath('data/evaluation/runs/e2e_screenshots')
response_timeout_ms = 30000

    @pytest.mark.e2e
    def test_cleo_returns_response(page, base_url, shot_dir, response_timeout_ms):
        """CLEO: open chat, send 'hello', assert a non-empty response within the
        timeout. The rate-limit fallback message counts as a valid response."""
        _wait_app_ready(page, base_url)
        # Navigate to chat via its label, type, and send.
        chat_entry = page.get_by_text("CLEO", exact=False).first
&gt;       chat_entry.wait_for(state="visible", timeout=10000)

tests\e2e\test_demo_flows.py:68: 
_ _ _ _ _ _ _ _ _ _ _ _ _ _ _ _ _ _ _ _ _ _ _ _ _ _ _ _ _ _ _ _ _ _ _ _ _ _ _ _
venv\lib\site-packages\playwright\sync_api\_generated.py:18074: in wait_for
    self._sync(self._impl_obj.wait_for(timeout=timeout, state=state))
venv\lib\site-packages\playwright\_impl\_locator.py:710: in wait_for
    await self._frame.wait_for_selector(
venv\lib\site-packages\playwright\_impl\_frame.py:369: in wait_for_selector
    await self._channel.send(
venv\lib\site-packages\playwright\_impl\_connection.py:69: in send
    return await self._connection.wrap_api_call(
_ _ _ _ _ _ _ _ _ _ _ _ _ _ _ _ _ _ _ _ _ _ _ _ _ _ _ _ _ _ _ _ _ _ _ _ _ _ _ _

self = &lt;playwright._impl._connection.Connection object at 0x0000018778D1AC50&gt;
cb = &lt;function Channel.send.&lt;locals&gt;.&lt;lambda&gt; at 0x0000018779927AC0&gt;
is_internal = False, title = None

    async def wrap_api_call(
        self, cb: Callable[[], Any], is_internal: bool = False, title: str = None
    ) -&gt; Any:
        if self._api_zone.get():
            return await cb()
        task = asyncio.current_task(self._loop)
        st: List[inspect.FrameInfo] = getattr(
            task, "__pw_stack__", None
        ) or inspect.stack(0)
    
        parsed_st = _extract_stack_trace_information_from_stack(st, is_internal, title)
        self._api_zone.set(parsed_st)
        try:
            return await cb()
        except Exception as error:
&gt;           raise rewrite_error(error, f"{parsed_st['apiName']}: {error}") from None
E           playwright._impl._errors.TimeoutError: Locator.wait_for: Timeout 10000ms exceeded.
E           Call log:
E             - waiting for get_by_text("CLEO").first to be visible

venv\lib\site-packages\playwright\_impl\_connection.py:559: TimeoutError</failure></testcase><testcase classname="tests.e2e.test_demo_flows" name="test_add_to_itinerary_sheet_opens[chromium]" time="35.876"><failure message="playwright._impl._errors.TimeoutError: Locator.click: Timeout 30000ms exceeded.&#10;Call log:&#10;  - waiting for get_by_role(&quot;button&quot;).first&#10;    - locator resolved to &lt;flt-semantics-placeholder tabindex=&quot;0&quot; role=&quot;button&quot; aria-live=&quot;polite&quot; aria-label=&quot;Enable accessibility&quot;&gt;&lt;/flt-semantics-placeholder&gt;&#10;  - attempting click action&#10;    2 × waiting for element to be visible, enabled and stable&#10;      - element is visible, enabled and stable&#10;      - scrolling into view if needed&#10;      - done scrolling&#10;      - element is outside of the viewport&#10;    - retrying click action&#10;    - waiting 20ms&#10;    2 × waiting for element to be visible, enabled and stable&#10;      - element is visible, enabled and stable&#10;      - scrolling into view if needed&#10;      - done scrolling&#10;      - element is outside of the viewport&#10;    - retrying click action&#10;      - waiting 100ms&#10;    57 × waiting for element to be visible, enabled and stable&#10;       - element is visible, enabled and stable&#10;       - scrolling into view if needed&#10;       - done scrolling&#10;       - element is outside of the viewport&#10;     - retrying click action&#10;       - waiting 500ms">page = &lt;Page url='http://localhost:8099/'&gt;, base_url = 'http://localhost:8099'
shot_dir = WindowsPath('data/evaluation/runs/e2e_screenshots')
response_timeout_ms = 30000

    @pytest.mark.e2e
    def test_add_to_itinerary_sheet_opens(page, base_url, shot_dir, response_timeout_ms):
        """ADD-TO-ITINERARY: from a POI detail sheet, 'Add to trip' opens the
        AddToItineraryFlow sheet (the Path-B VROOM feasibility verdict surface)."""
        _wait_app_ready(page, base_url)
        card = page.get_by_role("button").first
        card.wait_for(state="visible", timeout=response_timeout_ms)
&gt;       card.click()

tests\e2e\test_demo_flows.py:91: 
_ _ _ _ _ _ _ _ _ _ _ _ _ _ _ _ _ _ _ _ _ _ _ _ _ _ _ _ _ _ _ _ _ _ _ _ _ _ _ _
venv\lib\site-packages\playwright\sync_api\_generated.py:15631: in click
    self._sync(
venv\lib\site-packages\playwright\_impl\_locator.py:162: in click
    return await self._frame._click(self._selector, strict=True, **params)
venv\lib\site-packages\playwright\_impl\_frame.py:566: in _click
    await self._channel.send("click", self._timeout, locals_to_params(locals()))
venv\lib\site-packages\playwright\_impl\_connection.py:69: in send
    return await self._connection.wrap_api_call(
_ _ _ _ _ _ _ _ _ _ _ _ _ _ _ _ _ _ _ _ _ _ _ _ _ _ _ _ _ _ _ _ _ _ _ _ _ _ _ _

self = &lt;playwright._impl._connection.Connection object at 0x0000018778D1AC50&gt;
cb = &lt;function Channel.send.&lt;locals&gt;.&lt;lambda&gt; at 0x0000018779849900&gt;
is_internal = False, title = None

    async def wrap_api_call(
        self, cb: Callable[[], Any], is_internal: bool = False, title: str = None
    ) -&gt; Any:
        if self._api_zone.get():
            return await cb()
        task = asyncio.current_task(self._loop)
        st: List[inspect.FrameInfo] = getattr(
            task, "__pw_stack__", None
        ) or inspect.stack(0)
    
        parsed_st = _extract_stack_trace_information_from_stack(st, is_internal, title)
        self._api_zone.set(parsed_st)
        try:
            return await cb()
        except Exception as error:
&gt;           raise rewrite_error(error, f"{parsed_st['apiName']}: {error}") from None
E           playwright._impl._errors.TimeoutError: Locator.click: Timeout 30000ms exceeded.
E           Call log:
E             - waiting for get_by_role("button").first
E               - locator resolved to &lt;flt-semantics-placeholder tabindex="0" role="button" aria-live="polite" aria-label="Enable accessibility"&gt;&lt;/flt-semantics-placeholder&gt;
E             - attempting click action
E               2 × waiting for element to be visible, enabled and stable
E                 - element is visible, enabled and stable
E                 - scrolling into view if needed
E                 - done scrolling
E                 - element is outside of the viewport
E               - retrying click action
E               - waiting 20ms
E               2 × waiting for element to be visible, enabled and stable
E                 - element is visible, enabled and stable
E                 - scrolling into view if needed
E                 - done scrolling
E                 - element is outside of the viewport
E               - retrying click action
E                 - waiting 100ms
E               57 × waiting for element to be visible, enabled and stable
E                  - element is visible, enabled and stable
E                  - scrolling into view if needed
E                  - done scrolling
E                  - element is outside of the viewport
E                - retrying click action
E                  - waiting 500ms

venv\lib\site-packages\playwright\_impl\_connection.py:559: TimeoutError</failure></testcase><testcase classname="tests.e2e.test_demo_flows" name="test_isochrone_non_modal_panel[chromium]" time="15.409"><failure message="playwright._impl._errors.TimeoutError: Locator.wait_for: Timeout 10000ms exceeded.&#10;Call log:&#10;  - waiting for get_by_text(&quot;Map&quot;).first to be visible">page = &lt;Page url='http://localhost:8099/'&gt;, base_url = 'http://localhost:8099'
shot_dir = WindowsPath('data/evaluation/runs/e2e_screenshots')
response_timeout_ms = 30000

    @pytest.mark.e2e
    def test_isochrone_non_modal_panel(page, base_url, shot_dir, response_timeout_ms):
        """ISOCHRONE: a long-press near Cairo POIs shows the reachable-area
        summary as a NON-MODAL panel (the bloom design), with at least one POI
        row carrying distance/time."""
        _wait_app_ready(page, base_url)
        # Navigate to the map surface.
        map_entry = page.get_by_text("Map", exact=False).first
&gt;       map_entry.wait_for(state="visible", timeout=10000)

tests\e2e\test_demo_flows.py:112: 
_ _ _ _ _ _ _ _ _ _ _ _ _ _ _ _ _ _ _ _ _ _ _ _ _ _ _ _ _ _ _ _ _ _ _ _ _ _ _ _
venv\lib\site-packages\playwright\sync_api\_generated.py:18074: in wait_for
    self._sync(self._impl_obj.wait_for(timeout=timeout, state=state))
venv\lib\site-packages\playwright\_impl\_locator.py:710: in wait_for
    await self._frame.wait_for_selector(
venv\lib\site-packages\playwright\_impl\_frame.py:369: in wait_for_selector
    await self._channel.send(
venv\lib\site-packages\playwright\_impl\_connection.py:69: in send
    return await self._connection.wrap_api_call(
_ _ _ _ _ _ _ _ _ _ _ _ _ _ _ _ _ _ _ _ _ _ _ _ _ _ _ _ _ _ _ _ _ _ _ _ _ _ _ _

self = &lt;playwright._impl._connection.Connection object at 0x0000018778D1AC50&gt;
cb = &lt;function Channel.send.&lt;locals&gt;.&lt;lambda&gt; at 0x000001877980F7F0&gt;
is_internal = False, title = None

    async def wrap_api_call(
        self, cb: Callable[[], Any], is_internal: bool = False, title: str = None
    ) -&gt; Any:
        if self._api_zone.get():
            return await cb()
        task = asyncio.current_task(self._loop)
        st: List[inspect.FrameInfo] = getattr(
            task, "__pw_stack__", None
        ) or inspect.stack(0)
    
        parsed_st = _extract_stack_trace_information_from_stack(st, is_internal, title)
        self._api_zone.set(parsed_st)
        try:
            return await cb()
        except Exception as error:
&gt;           raise rewrite_error(error, f"{parsed_st['apiName']}: {error}") from None
E           playwright._impl._errors.TimeoutError: Locator.wait_for: Timeout 10000ms exceeded.
E           Call log:
E             - waiting for get_by_text("Map").first to be visible

venv\lib\site-packages\playwright\_impl\_connection.py:559: TimeoutError</failure></testcase></testsuite></testsuites>